#
# There is insufficient memory for the Java Runtime Environment to continue.
# Native memory allocation (malloc) failed to allocate 1048576 bytes. Error detail: AllocateHeap
# Possible reasons:
#   The system is out of physical RAM or swap space
#   This process is running with CompressedOops enabled, and the Java Heap may be blocking the growth of the native heap
# Possible solutions:
#   Reduce memory load on the system
#   Increase physical memory or swap space
#   Check if swap backing store is full
#   Decrease Java heap size (-Xmx/-Xms)
#   Decrease number of Java threads
#   Decrease Java thread stack sizes (-Xss)
#   Set larger code cache with -XX:ReservedCodeCacheSize=
#   JVM is running with Unscaled Compressed Oops mode in which the Java heap is
#     placed in the first 4GB address space. The Java Heap base address is the
#     maximum limit for the native heap growth. Please use -XX:HeapBaseMinAddress
#     to set the Java Heap base and to place the Java Heap above 4GB virtual address.
# This output file may be truncated or incomplete.
#
#  Out of Memory Error (allocation.cpp:44), pid=24476, tid=22112
#
# JRE version:  (21.0.8+9) (build )
# Java VM: OpenJDK 64-Bit Server VM (21.0.8+9-LTS, mixed mode, sharing, tiered, compressed oops, compressed class ptrs, parallel gc, windows-amd64)
# No core dump will be written. Minidumps are not enabled by default on client versions of Windows
#

---------------  S U M M A R Y ------------

Command Line: --add-modules=ALL-SYSTEM --add-opens=java.base/java.util=ALL-UNNAMED --add-opens=java.base/java.lang=ALL-UNNAMED --add-opens=java.base/sun.nio.fs=ALL-UNNAMED -Declipse.application=org.eclipse.jdt.ls.core.id1 -Dosgi.bundles.defaultStartLevel=4 -Declipse.product=org.eclipse.jdt.ls.core.product -Djava.import.generatesMetadataFilesAtProjectRoot=false -DDetectVMInstallationsJob.disabled=true -Dfile.encoding=utf8 -XX:+UseParallelGC -XX:GCTimeRatio=4 -XX:AdaptiveSizePolicyWeight=90 -Dsun.zip.disableMemoryMapping=true -Xmx2G -Xms100m -Xlog:disable -javaagent:c:\Users\hntag\.cursor\extensions\redhat.java-1.44.0-win32-x64\lombok\lombok-1.18.39-4050.jar -XX:+HeapDumpOnOutOfMemoryError -XX:HeapDumpPath=c:\Users\hntag\AppData\Roaming\Cursor\User\workspaceStorage\f57b7e1db08ef48ef0b02638e352f024\redhat.java -Daether.dependencyCollector.impl=bf c:\Users\hntag\.cursor\extensions\redhat.java-1.44.0-win32-x64\server\plugins\org.eclipse.equinox.launcher_1.7.0.v20250519-0528.jar -configuration c:\Users\hntag\AppData\Roaming\Cursor\User\globalStorage\redhat.java\1.44.0\config_win -data c:\Users\hntag\AppData\Roaming\Cursor\User\workspaceStorage\f57b7e1db08ef48ef0b02638e352f024\redhat.java\jdt_ws --pipe=\\.\pipe\lsp-c4525edb3f1a3d144081f280aaf4e7e3-sock

Host: 11th Gen Intel(R) Core(TM) i5-1135G7 @ 2.40GHz, 8 cores, 7G,  Windows 11 , 64 bit Build 26100 (10.0.26100.4768)
Time: Mon Sep  1 13:50:14 2025 Egypt Standard Time elapsed time: 1.862756 seconds (0d 0h 0m 1s)

---------------  T H R E A D  ---------------

Current thread (0x0000021bfc0adc30):  JavaThread "Unknown thread" [_thread_in_vm, id=22112, stack(0x00000039a7900000,0x00000039a7a00000) (1024K)]

Stack: [0x00000039a7900000,0x00000039a7a00000]
Native frames: (J=compiled Java code, j=interpreted, Vv=VM code, C=native code)
V  [jvm.dll+0x6d2449]
V  [jvm.dll+0x8ae341]
V  [jvm.dll+0x8b08be]
V  [jvm.dll+0x8b0fa3]
V  [jvm.dll+0x280c96]
V  [jvm.dll+0xc0347]
V  [jvm.dll+0x70fa0d]
V  [jvm.dll+0x7100cc]
V  [jvm.dll+0x6e0f48]
V  [jvm.dll+0x877c7c]
V  [jvm.dll+0x3becec]
V  [jvm.dll+0x8606d8]
V  [jvm.dll+0x4530ee]
V  [jvm.dll+0x454d31]
C  [jli.dll+0x5278]
C  [ucrtbase.dll+0x37b0]
C  [KERNEL32.DLL+0x2e8d7]
C  [ntdll.dll+0x3c34c]


---------------  P R O C E S S  ---------------

Threads class SMR info:
_java_thread_list=0x0000021bfc11a360, length=1, elements={
0x0000021bfc0adc30
}

Java Threads: ( => current thread )
=>0x0000021bfc0adc30 JavaThread "Unknown thread"             [_thread_in_vm, id=22112, stack(0x00000039a7900000,0x00000039a7a00000) (1024K)]
Total: 1

Other Threads:
  0x0000021bfc11ae10 WatcherThread "VM Periodic Task Thread"        [id=24588, stack(0x00000039a7b00000,0x00000039a7c00000) (1024K)]
  0x0000021bfc0cccc0 WorkerThread "GC Thread#0"                     [id=10092, stack(0x00000039a7a00000,0x00000039a7b00000) (1024K)]
Total: 2

Threads with active compile tasks:
Total: 0

VM state: not at safepoint (normal execution)

VM Mutex/Monitor currently owned by a thread: None

Heap address: 0x0000000080000000, size: 2048 MB, Compressed Oops mode: 32-bit

CDS archive(s) mapped at: [0x0000021b93000000-0x0000021b93ba0000-0x0000021b93ba0000), size 12189696, SharedBaseAddress: 0x0000021b93000000, ArchiveRelocationMode: 1.
Compressed class space mapped at: 0x0000021b94000000-0x0000021bd4000000, reserved size: 1073741824
Narrow klass base: 0x0000021b93000000, Narrow klass shift: 0, Narrow klass range: 0x100000000

GC Precious Log:
 CardTable entry size: 512
 CPUs: 8 total, 8 available
 Memory: 7975M
 Large Page Support: Disabled
 NUMA Support: Disabled
 Compressed Oops: Enabled (32-bit)
 Alignments: Space 512K, Generation 512K, Heap 2M
 Heap Min Capacity: 100M
 Heap Initial Capacity: 100M
 Heap Max Capacity: 2G
 Pre-touch: Disabled
 Parallel Workers: 8

Heap:
 PSYoungGen      total 29696K, used 512K [0x00000000d5580000, 0x00000000d7680000, 0x0000000100000000)
  eden space 25600K, 2% used [0x00000000d5580000,0x00000000d5600020,0x00000000d6e80000)
  from space 4096K, 0% used [0x00000000d7280000,0x00000000d7280000,0x00000000d7680000)
  to   space 4096K, 0% used [0x00000000d6e80000,0x00000000d6e80000,0x00000000d7280000)
 ParOldGen       total 68608K, used 0K [0x0000000080000000, 0x0000000084300000, 0x00000000d5580000)
  object space 68608K, 0% used [0x0000000080000000,0x0000000080000000,0x0000000084300000)
 Metaspace       used 0K, committed 0K, reserved 1048576K
  class space    used 0K, committed 0K, reserved 1048576K

Card table byte_map: [0x0000021bfba50000,0x0000021bfbe60000] _byte_map_base: 0x0000021bfb650000

Marking Bits: (ParMarkBitMap*) 0x00007ffa1d64a340
 Begin Bits: [0x0000021b8f000000, 0x0000021b91000000)
 End Bits:   [0x0000021b91000000, 0x0000021b93000000)

Polling page: 0x0000021bfa130000

Metaspace:

Usage:
  Non-class:      0 bytes used.
      Class:      0 bytes used.
       Both:      0 bytes used.

Virtual space:
  Non-class space:        0 bytes reserved,       0 bytes (  ?%) committed,  0 nodes.
      Class space:        1.00 GB reserved,       0 bytes (  0%) committed,  1 nodes.
             Both:        1.00 GB reserved,       0 bytes (  0%) committed. 

Chunk freelists:
   Non-Class:  0 bytes
       Class:  16.00 MB
        Both:  16.00 MB

MaxMetaspaceSize: unlimited
CompressedClassSpaceSize: 1.00 GB
Initial GC threshold: 21.00 MB
Current GC threshold: 17179869184.00 GB
CDS: on
 - commit_granule_bytes: 65536.
 - commit_granule_words: 8192.
 - virtual_space_node_default_size: 8388608.
 - enlarge_chunks_in_place: 1.
 - use_allocation_guard: 0.


Internal statistics:

num_allocs_failed_limit: 0.
num_arena_births: 0.
num_arena_deaths: 0.
num_vsnodes_births: 1.
num_vsnodes_deaths: 0.
num_space_committed: 0.
num_space_uncommitted: 0.
num_chunks_returned_to_freelist: 0.
num_chunks_taken_from_freelist: 1.
num_chunk_merges: 0.
num_chunk_splits: 1.
num_chunks_enlarged: 0.
num_inconsistent_stats: 0.

CodeHeap 'non-profiled nmethods': size=120000Kb used=0Kb max_used=0Kb free=120000Kb
 bounds [0x0000021b87ad0000, 0x0000021b87d40000, 0x0000021b8f000000]
CodeHeap 'profiled nmethods': size=120000Kb used=0Kb max_used=0Kb free=120000Kb
 bounds [0x0000021b80000000, 0x0000021b80270000, 0x0000021b87530000]
CodeHeap 'non-nmethods': size=5760Kb used=199Kb max_used=348Kb free=5560Kb
 bounds [0x0000021b87530000, 0x0000021b877a0000, 0x0000021b87ad0000]
CodeCache: size=245760Kb, used=199Kb, max_used=348Kb, free=245560Kb
 total_blobs=70, nmethods=0, adapters=48, full_count=0
Compilation: enabled, stopped_count=0, restarted_count=0

Compilation events (0 events):
No events

GC Heap History (0 events):
No events

Dll operation events (1 events):
Event: 0.036 Loaded shared library c:\Users\hntag\.cursor\extensions\redhat.java-1.44.0-win32-x64\jre\21.0.8-win32-x86_64\bin\java.dll

Deoptimization events (0 events):
No events

Classes loaded (0 events):
No events

Classes unloaded (0 events):
No events

Classes redefined (0 events):
No events

Internal exceptions (0 events):
No events

ZGC Phase Switch (0 events):
No events

VM Operations (0 events):
No events

Memory protections (0 events):
No events

Nmethod flushes (0 events):
No events

Events (1 events):
Event: 0.850 Thread 0x0000021bfc0adc30 Thread added: 0x0000021bfc0adc30


Dynamic libraries:
0x00007ff6d1480000 - 0x00007ff6d148e000 	c:\Users\hntag\.cursor\extensions\redhat.java-1.44.0-win32-x64\jre\21.0.8-win32-x86_64\bin\java.exe
0x00007ffae3aa0000 - 0x00007ffae3d07000 	C:\WINDOWS\SYSTEM32\ntdll.dll
0x00007ffae1aa0000 - 0x00007ffae1b69000 	C:\WINDOWS\System32\KERNEL32.DLL
0x00007ffae1280000 - 0x00007ffae1670000 	C:\WINDOWS\System32\KERNELBASE.dll
0x00007ffae0c90000 - 0x00007ffae0ddb000 	C:\WINDOWS\System32\ucrtbase.dll
0x00007fface750000 - 0x00007fface76e000 	c:\Users\hntag\.cursor\extensions\redhat.java-1.44.0-win32-x64\jre\21.0.8-win32-x86_64\bin\VCRUNTIME140.dll
0x00007ffacea60000 - 0x00007ffacea78000 	c:\Users\hntag\.cursor\extensions\redhat.java-1.44.0-win32-x64\jre\21.0.8-win32-x86_64\bin\jli.dll
0x00007ffac5490000 - 0x00007ffac572a000 	C:\WINDOWS\WinSxS\amd64_microsoft.windows.common-controls_6595b64144ccf1df_6.0.26100.4768_none_3e0c112ce331287c\COMCTL32.dll
0x00007ffae1930000 - 0x00007ffae19d9000 	C:\WINDOWS\System32\msvcrt.dll
0x00007ffae2520000 - 0x00007ffae254b000 	C:\WINDOWS\System32\GDI32.dll
0x00007ffae1680000 - 0x00007ffae16a7000 	C:\WINDOWS\System32\win32u.dll
0x00007ffae0fc0000 - 0x00007ffae10f8000 	C:\WINDOWS\System32\gdi32full.dll
0x00007ffae0e70000 - 0x00007ffae0f13000 	C:\WINDOWS\System32\msvcp_win.dll
0x00007ffae2800000 - 0x00007ffae29c5000 	C:\WINDOWS\System32\USER32.dll
0x00007ffae1e50000 - 0x00007ffae1e7f000 	C:\WINDOWS\System32\IMM32.DLL
0x00007ffacdfb0000 - 0x00007ffacdfbc000 	c:\Users\hntag\.cursor\extensions\redhat.java-1.44.0-win32-x64\jre\21.0.8-win32-x86_64\bin\vcruntime140_1.dll
0x00007ffa78fc0000 - 0x00007ffa7904d000 	c:\Users\hntag\.cursor\extensions\redhat.java-1.44.0-win32-x64\jre\21.0.8-win32-x86_64\bin\msvcp140.dll
0x00007ffa1c990000 - 0x00007ffa1d727000 	c:\Users\hntag\.cursor\extensions\redhat.java-1.44.0-win32-x64\jre\21.0.8-win32-x86_64\bin\server\jvm.dll
0x00007ffae2ba0000 - 0x00007ffae2c54000 	C:\WINDOWS\System32\ADVAPI32.dll
0x00007ffae19f0000 - 0x00007ffae1a96000 	C:\WINDOWS\System32\sechost.dll
0x00007ffae2a80000 - 0x00007ffae2b98000 	C:\WINDOWS\System32\RPCRT4.dll
0x00007ffae33e0000 - 0x00007ffae3454000 	C:\WINDOWS\System32\WS2_32.dll
0x00007ffae0a30000 - 0x00007ffae0a8e000 	C:\WINDOWS\SYSTEM32\POWRPROF.dll
0x00007ffacada0000 - 0x00007ffacadd5000 	C:\WINDOWS\SYSTEM32\WINMM.dll
0x00007ffacb610000 - 0x00007ffacb61b000 	C:\WINDOWS\SYSTEM32\VERSION.dll
0x00007ffae0a10000 - 0x00007ffae0a24000 	C:\WINDOWS\SYSTEM32\UMPDC.dll
0x00007ffadf910000 - 0x00007ffadf92b000 	C:\WINDOWS\SYSTEM32\kernel.appcore.dll
0x00007ffaced90000 - 0x00007ffaced9a000 	c:\Users\hntag\.cursor\extensions\redhat.java-1.44.0-win32-x64\jre\21.0.8-win32-x86_64\bin\jimage.dll
0x00007ffade0a0000 - 0x00007ffade2e1000 	C:\WINDOWS\SYSTEM32\DBGHELP.DLL
0x00007ffae3460000 - 0x00007ffae37e5000 	C:\WINDOWS\System32\combase.dll
0x00007ffae1b70000 - 0x00007ffae1c50000 	C:\WINDOWS\System32\OLEAUT32.dll
0x00007ffacad10000 - 0x00007ffacad53000 	C:\WINDOWS\SYSTEM32\dbgcore.DLL
0x00007ffae0f20000 - 0x00007ffae0fb9000 	C:\WINDOWS\System32\bcryptPrimitives.dll
0x00007ffacdfa0000 - 0x00007ffacdfaf000 	c:\Users\hntag\.cursor\extensions\redhat.java-1.44.0-win32-x64\jre\21.0.8-win32-x86_64\bin\instrument.dll
0x00007ffaaf6d0000 - 0x00007ffaaf6ef000 	c:\Users\hntag\.cursor\extensions\redhat.java-1.44.0-win32-x64\jre\21.0.8-win32-x86_64\bin\java.dll

JVMTI agents:
c:\Users\hntag\.cursor\extensions\redhat.java-1.44.0-win32-x64\lombok\lombok-1.18.39-4050.jar path:none, loaded, not initialized, instrumentlib options:none

dbghelp: loaded successfully - version: 4.0.5 - missing functions: none
symbol engine: initialized successfully - sym options: 0x614 - pdb path: .;c:\Users\hntag\.cursor\extensions\redhat.java-1.44.0-win32-x64\jre\21.0.8-win32-x86_64\bin;C:\WINDOWS\SYSTEM32;C:\WINDOWS\WinSxS\amd64_microsoft.windows.common-controls_6595b64144ccf1df_6.0.26100.4768_none_3e0c112ce331287c;c:\Users\hntag\.cursor\extensions\redhat.java-1.44.0-win32-x64\jre\21.0.8-win32-x86_64\bin\server

VM Arguments:
jvm_args: --add-modules=ALL-SYSTEM --add-opens=java.base/java.util=ALL-UNNAMED --add-opens=java.base/java.lang=ALL-UNNAMED --add-opens=java.base/sun.nio.fs=ALL-UNNAMED -Declipse.application=org.eclipse.jdt.ls.core.id1 -Dosgi.bundles.defaultStartLevel=4 -Declipse.product=org.eclipse.jdt.ls.core.product -Djava.import.generatesMetadataFilesAtProjectRoot=false -DDetectVMInstallationsJob.disabled=true -Dfile.encoding=utf8 -XX:+UseParallelGC -XX:GCTimeRatio=4 -XX:AdaptiveSizePolicyWeight=90 -Dsun.zip.disableMemoryMapping=true -Xmx2G -Xms100m -Xlog:disable -javaagent:c:\Users\hntag\.cursor\extensions\redhat.java-1.44.0-win32-x64\lombok\lombok-1.18.39-4050.jar -XX:+HeapDumpOnOutOfMemoryError -XX:HeapDumpPath=c:\Users\hntag\AppData\Roaming\Cursor\User\workspaceStorage\f57b7e1db08ef48ef0b02638e352f024\redhat.java -Daether.dependencyCollector.impl=bf 
java_command: c:\Users\hntag\.cursor\extensions\redhat.java-1.44.0-win32-x64\server\plugins\org.eclipse.equinox.launcher_1.7.0.v20250519-0528.jar -configuration c:\Users\hntag\AppData\Roaming\Cursor\User\globalStorage\redhat.java\1.44.0\config_win -data c:\Users\hntag\AppData\Roaming\Cursor\User\workspaceStorage\f57b7e1db08ef48ef0b02638e352f024\redhat.java\jdt_ws --pipe=\\.\pipe\lsp-c4525edb3f1a3d144081f280aaf4e7e3-sock
java_class_path (initial): c:\Users\hntag\.cursor\extensions\redhat.java-1.44.0-win32-x64\server\plugins\org.eclipse.equinox.launcher_1.7.0.v20250519-0528.jar
Launcher Type: SUN_STANDARD

[Global flags]
    uintx AdaptiveSizePolicyWeight                 = 90                                        {product} {command line}
     intx CICompilerCount                          = 4                                         {product} {ergonomic}
    uintx GCTimeRatio                              = 4                                         {product} {command line}
     bool HeapDumpOnOutOfMemoryError               = true                                   {manageable} {command line}
    ccstr HeapDumpPath                             = c:\Users\hntag\AppData\Roaming\Cursor\User\workspaceStorage\f57b7e1db08ef48ef0b02638e352f024\redhat.java         {manageable} {command line}
   size_t InitialHeapSize                          = 104857600                                 {product} {command line}
   size_t MaxHeapSize                              = 2147483648                                {product} {command line}
   size_t MaxNewSize                               = 715653120                                 {product} {ergonomic}
   size_t MinHeapDeltaBytes                        = 524288                                    {product} {ergonomic}
   size_t MinHeapSize                              = 104857600                                 {product} {command line}
   size_t NewSize                                  = 34603008                                  {product} {ergonomic}
    uintx NonNMethodCodeHeapSize                   = 5839372                                {pd product} {ergonomic}
    uintx NonProfiledCodeHeapSize                  = 122909434                              {pd product} {ergonomic}
   size_t OldSize                                  = 70254592                                  {product} {ergonomic}
    uintx ProfiledCodeHeapSize                     = 122909434                              {pd product} {ergonomic}
    uintx ReservedCodeCacheSize                    = 251658240                              {pd product} {ergonomic}
     bool SegmentedCodeCache                       = true                                      {product} {ergonomic}
   size_t SoftMaxHeapSize                          = 2147483648                             {manageable} {ergonomic}
     bool UseCompressedOops                        = true                           {product lp64_product} {ergonomic}
     bool UseLargePagesIndividualAllocation        = false                                  {pd product} {ergonomic}
     bool UseParallelGC                            = true                                      {product} {command line}

Logging:
Log output configuration:
 #0: stdout all=off uptime,level,tags foldmultilines=false
 #1: stderr all=off uptime,level,tags foldmultilines=false

Environment Variables:
JAVA_HOME=C:\Program Files\Java\jdk-21.0.5
PATH=C:\app\hntag\product\21c\dbhomeXE\bin;C:\Users\hntag\AppData\Local\Programs\Python\Python312\Script;C:\Users\hntag\AppData\Local\Programs\Python\Python312;C:\Program Files\Java\jdk-17.0.12\bin;%JAVA_HOME%\bin;C:\WINDOWS\system32;C:\WINDOWS;C:\WINDOWS\System32\Wbem;C:\WINDOWS\System32\WindowsPowerShell\v1.0\;C:\WINDOWS\System32\OpenSSH\;C:\hadoop-3.3.6\bin;C:\Program Files\dotnet\;C:\ProgramData\chocolatey\bin;C:\Program Files\nodejs;C:\Program Files\Git\cmd;C:\Program Files\nodejs\;C:\Program Files\apache-maven-3.9.6-bin\apache-maven-3.9.6\bin;C:\Python312;C:\Program Files\Java\jdk-17.0.12\bin;C:\app\hntag\product\21c\dbhomeXE\bin;C:\Users\hntag\AppData\Local\Programs\Python\Python312\Script;C:\Users\hntag\AppData\Local\Programs\Python\Python312;C:\Program Files\Java\jdk-21.0.5\bin;C:\WINDOWS\system32;C:\WINDOWS;C:\WINDOWS\System32\Wbem;C:\WINDOWS\System32\WindowsPowerShell\v1.0\;C:\WINDOWS\System32\OpenSSH\;C:\hadoop-3.3.6\bin;C:\Program Files\dotnet\;C:\ProgramData\chocolatey\bin;C:\Program Files\nodejs;C:\Program Files\Git\cmd;C:\Program Files\nodejs\;C:\Program Files\apache-maven-3.9.6-bin\apache-maven-3.9.6\bin;C:\Python312;C:\Users\hntag\AppData\Local\Programs\Python\Python312;C:\Users\hntag\AppData\Local\Programs\Python\Python312\Scripts;C:\Python312;C:\hadoop-3.3.6\bin;C:\Program Files\nodejs;C:\Program Files\JetBrains\PyCharm 2024.3\bin;C:\Users\hntag\AppData\Roaming\npm;C:\Users\hntag\AppData\Local\Programs\Microsoft VS Code\bin;C:\Users\hntag\AppData\Local\Programs\cursor\resources\app\bin;C:\Users\hntag\AppData\Local\Programs\Windsurf\bin
USERNAME=hntag
OS=Windows_NT
PROCESSOR_IDENTIFIER=Intel64 Family 6 Model 140 Stepping 1, GenuineIntel
TMP=C:\Users\hntag\AppData\Local\Temp
TEMP=C:\Users\hntag\AppData\Local\Temp




Periodic native trim disabled

---------------  S Y S T E M  ---------------

OS:
 Windows 11 , 64 bit Build 26100 (10.0.26100.4768)
OS uptime: 5 days 3:22 hours
Hyper-V role detected

CPU: total 8 (initial active 8) (4 cores per cpu, 2 threads per core) family 6 model 140 stepping 1 microcode 0xb6, cx8, cmov, fxsr, ht, mmx, 3dnowpref, sse, sse2, sse3, ssse3, sse4.1, sse4.2, popcnt, lzcnt, tsc, tscinvbit, avx, avx2, aes, erms, clmul, bmi1, bmi2, adx, avx512f, avx512dq, avx512cd, avx512bw, avx512vl, sha, fma, vzeroupper, avx512_vpopcntdq, avx512_vpclmulqdq, avx512_vaes, avx512_vnni, clflush, clflushopt, clwb, avx512_vbmi2, avx512_vbmi, hv, rdtscp, rdpid, fsrm, gfni, avx512_bitalg, f16c, cet_ibt, cet_ss, avx512_ifma
Processor Information for the first 8 processors :
  Max Mhz: 2419, Current Mhz: 2419, Mhz Limit: 2419

Memory: 4k page, system-wide physical 7975M (545M free)
TotalPageFile size 32551M (AvailPageFile size 12M)
current process WorkingSet (physical memory assigned to process): 26M, peak: 26M
current process commit charge ("private bytes"): 213M, peak: 214M

vm_info: OpenJDK 64-Bit Server VM (21.0.8+9-LTS) for windows-amd64 JRE (21.0.8+9-LTS), built on 2025-07-15T00:00:00Z by "admin" with MS VC++ 17.7 (VS2022)

END.
